nohup: ignoring input
./experiments.sh: 1: source: not found
Global seed set to 970131
INFO:root:total dataset size: 7926
INFO:root:queue regenerated:[1585, 4391, 267, 5753, 5406]
INFO:root:total dataset size: 806
GPU available: True, used: True
TPU available: False, using: 0 TPU cores
IPU available: False, using: 0 IPUs
LOCAL_RANK: 0 - CUDA_VISIBLE_DEVICES: [0]

  | Name      | Type                   | Params
-----------------------------------------------------
0 | sed_model | HTSAT_Swin_Transformer | 28.7 M
-----------------------------------------------------
27.6 M    Trainable params
1.1 M     Non-trainable params
28.7 M    Total params
114.657   Total estimated model params size (MB)
INFO:root:queue regenerated:[5171, 6834, 7589, 1904, 3835]
INFO:root:queue regenerated:[2691, 2438, 4803, 206, 4685]
INFO:root:queue regenerated:[2916, 2743, 4325, 4570, 1671]
INFO:root:queue regenerated:[4428, 7188, 3125, 3672, 4382]
INFO:root:queue regenerated:[1711, 162, 5318, 6914, 5985]
INFO:root:queue regenerated:[47, 957, 7435, 3855, 589]
INFO:root:queue regenerated:[7387, 6605, 4122, 2515, 2426]
INFO:root:queue regenerated:[5692, 1329, 1465, 1190, 4051]
INFO:root:queue regenerated:[4097, 1770, 2281, 4089, 560]
INFO:root:queue regenerated:[6350, 1841, 4205, 5633, 2547]
INFO:root:queue regenerated:[4810, 1531, 5703, 5177, 116]
INFO:root:queue regenerated:[3348, 4351, 480, 1742, 2213]
INFO:root:queue regenerated:[3102, 6716, 4244, 124, 1058]
INFO:root:queue regenerated:[129, 4566, 2433, 2244, 6440]
INFO:root:queue regenerated:[2911, 2498, 2859, 6030, 2506]
INFO:root:queue regenerated:[4432, 4367, 4198, 2370, 1473]
INFO:root:queue regenerated:[7102, 2710, 5118, 2945, 5129]
INFO:root:queue regenerated:[7391, 2363, 5005, 1740, 6358]
INFO:root:queue regenerated:[1574, 423, 7126, 5532, 501]
INFO:root:queue regenerated:[4555, 3750, 2369, 5612, 7259]
INFO:root:queue regenerated:[7152, 2666, 6859, 4989, 6282]
INFO:root:queue regenerated:[3184, 165, 4569, 1836, 562]
INFO:root:queue regenerated:[6716, 5202, 5047, 6062, 5775]
INFO:root:queue regenerated:[1569, 6831, 4686, 4446, 2294]
INFO:root:queue regenerated:[7160, 1326, 5086, 1735, 2285]
INFO:root:queue regenerated:[258, 957, 6510, 6871, 3604]
INFO:root:queue regenerated:[4503, 2403, 7764, 2326, 5094]
INFO:root:queue regenerated:[3263, 3826, 62, 3474, 403]
INFO:root:queue regenerated:[6711, 5351, 2386, 1225, 7665]
INFO:root:queue regenerated:[994, 32, 2722, 1851, 1442]
INFO:root:queue regenerated:[2639, 2551, 945, 4061, 6558]
INFO:root:queue regenerated:[6851, 2561, 1658, 2298, 5495]
INFO:root:queue regenerated:[977, 5341, 7115, 2264, 2115]
INFO:root:queue regenerated:[388, 581, 4996, 1323, 5830]
INFO:root:queue regenerated:[1458, 2156, 962, 5488, 868]
INFO:root:queue regenerated:[2040, 6086, 3038, 10, 4954]
INFO:root:queue regenerated:[3908, 1989, 442, 730, 2692]
INFO:root:queue regenerated:[7206, 5182, 4328, 3832, 5576]
INFO:root:queue regenerated:[223, 5, 6859, 2684, 5456]
INFO:root:queue regenerated:[644, 4984, 467, 553, 4306]
INFO:root:queue regenerated:[3911, 5175, 588, 3594, 322]
INFO:root:queue regenerated:[2994, 2121, 6225, 7429, 1191]
INFO:root:queue regenerated:[253, 5073, 7460, 2658, 3185]
INFO:root:queue regenerated:[1338, 5866, 2919, 5627, 5016]
INFO:root:queue regenerated:[4093, 7363, 5880, 5473, 2805]
INFO:root:queue regenerated:[493, 1851, 2828, 4809, 1346]
INFO:root:queue regenerated:[4915, 5972, 2932, 4888, 1374]
INFO:root:queue regenerated:[6538, 2367, 6585, 3288, 2419]
INFO:root:queue regenerated:[4828, 7441, 243, 7670, 2357]
INFO:root:queue regenerated:[1698, 6447, 109, 5156, 2419]
INFO:root:queue regenerated:[5590, 6977, 1916, 3022, 752]
INFO:root:queue regenerated:[907, 4257, 6527, 3087, 5411]
INFO:root:queue regenerated:[2626, 2512, 3359, 2358, 4740]
INFO:root:queue regenerated:[2668, 4507, 2832, 2882, 596]
INFO:root:queue regenerated:[2372, 6369, 5763, 5355, 3944]
INFO:root:queue regenerated:[2872, 5723, 7602, 5353, 3218]
INFO:root:queue regenerated:[2171, 90, 1372, 4674, 5202]
INFO:root:queue regenerated:[1959, 5707, 6582, 1746, 5154]
INFO:root:queue regenerated:[107, 7103, 1160, 3772, 4107]
INFO:root:queue regenerated:[4183, 6629, 793, 4133, 1824]
INFO:root:queue regenerated:[1860, 4639, 2570, 2896, 3019]
INFO:root:queue regenerated:[1013, 1651, 201, 11, 4504]
INFO:root:queue regenerated:[6116, 6897, 3471, 570, 6068]
INFO:root:queue regenerated:[3742, 276, 5314, 3034, 5684]
INFO:root:queue regenerated:[5681, 4467, 4048, 4260, 1948]
INFO:root:queue regenerated:[6104, 1958, 1885, 1418, 4148]
INFO:root:queue regenerated:[2487, 6699, 128, 1774, 7028]
INFO:root:queue regenerated:[6238, 4397, 4744, 5975, 1341]
INFO:root:queue regenerated:[71, 3543, 5417, 1850, 3065]
INFO:root:queue regenerated:[7497, 4585, 2850, 7704, 7409]
INFO:root:queue regenerated:[4747, 387, 5310, 1063, 4809]
INFO:root:queue regenerated:[3057, 7554, 7202, 4808, 7424]
INFO:root:queue regenerated:[7357, 6895, 6582, 3598, 7220]
INFO:root:queue regenerated:[6094, 4267, 4779, 6164, 307]
INFO:root:queue regenerated:[4670, 5127, 5854, 6300, 3163]
INFO:root:queue regenerated:[4910, 7478, 6691, 7214, 3809]
INFO:root:queue regenerated:[6240, 6743, 2790, 7658, 3216]
INFO:root:queue regenerated:[7814, 5841, 7922, 1508, 138]
INFO:root:queue regenerated:[5167, 3680, 6006, 245, 7111]
INFO:root:queue regenerated:[2615, 2286, 1735, 5859, 2900]
INFO:root:queue regenerated:[705, 2269, 2639, 2780, 94]
INFO:root:queue regenerated:[4358, 132, 6423, 4243, 2070]
INFO:root:queue regenerated:[2436, 4064, 1171, 744, 4821]
INFO:root:queue regenerated:[5045, 7651, 7528, 1546, 1990]
INFO:root:queue regenerated:[2983, 1053, 7591, 5798, 3627]
INFO:root:queue regenerated:[4880, 3196, 2455, 3240, 1205]
INFO:root:queue regenerated:[3714, 4939, 3086, 5177, 1522]
INFO:root:queue regenerated:[3074, 5359, 4535, 5509, 405]
INFO:root:queue regenerated:[3752, 2030, 5526, 1097, 1731]
INFO:root:queue regenerated:[4383, 3831, 6503, 3778, 5184]
INFO:root:queue regenerated:[53, 2047, 4695, 518, 5090]
INFO:root:queue regenerated:[3599, 7811, 3569, 2252, 6793]
INFO:root:queue regenerated:[5400, 4855, 6049, 4798, 5567]
INFO:root:queue regenerated:[967, 5547, 2128, 7858, 6490]
INFO:root:queue regenerated:[4672, 7064, 3763, 7649, 6359]
INFO:root:queue regenerated:[1331, 2634, 6464, 1286, 2154]
INFO:root:queue regenerated:[153, 1204, 4095, 1977, 799]
INFO:root:queue regenerated:[6664, 1546, 7837, 5096, 7377]
INFO:root:queue regenerated:[3120, 5213, 2099, 1554, 108]
INFO:root:queue regenerated:[4909, 6779, 1721, 2014, 6813]
INFO:root:queue regenerated:[1796, 3342, 583, 7650, 1630]
INFO:root:queue regenerated:[118, 3215, 7039, 7707, 6592]
INFO:root:queue regenerated:[3240, 969, 3376, 6541, 5256]
INFO:root:queue regenerated:[6725, 6998, 7470, 178, 1225]
INFO:root:queue regenerated:[7286, 3050, 1472, 5828, 7617]
INFO:root:queue regenerated:[5566, 2291, 6188, 3100, 6300]
INFO:root:queue regenerated:[2613, 82, 4911, 3352, 1698]
INFO:root:queue regenerated:[2256, 2362, 2773, 3574, 6316]
INFO:root:queue regenerated:[2185, 3940, 7049, 5578, 2146]
INFO:root:queue regenerated:[1780, 2828, 6409, 6889, 3207]
INFO:root:queue regenerated:[5761, 4321, 4038, 7276, 1300]
INFO:root:queue regenerated:[5025, 1200, 6873, 3573, 1577]
INFO:root:queue regenerated:[685, 7853, 1257, 5894, 5872]
INFO:root:queue regenerated:[199, 7105, 2206, 564, 6319]
INFO:root:queue regenerated:[3858, 1258, 3949, 3, 221]
INFO:root:queue regenerated:[4432, 7742, 1037, 1345, 3743]
INFO:root:queue regenerated:[216, 931, 2718, 7780, 4561]
INFO:root:queue regenerated:[1332, 3109, 219, 4775, 4550]
INFO:root:queue regenerated:[7600, 3332, 7894, 5860, 6759]
INFO:root:queue regenerated:[5084, 243, 7775, 504, 470]
INFO:root:queue regenerated:[5016, 6220, 427, 6237, 3335]
INFO:root:queue regenerated:[2367, 1332, 3011, 1060, 5513]
INFO:root:queue regenerated:[5860, 4354, 6756, 4341, 7923]
INFO:root:queue regenerated:[7854, 6167, 2530, 1620, 7254]
INFO:root:queue regenerated:[4596, 5570, 2955, 4442, 6395]
INFO:root:queue regenerated:[6570, 2559, 3678, 2625, 5256]
INFO:root:queue regenerated:[6412, 91, 1925, 2471, 6157]
INFO:root:queue regenerated:[7300, 3891, 6115, 5656, 6425]
INFO:root:queue regenerated:[5751, 6594, 3012, 6727, 7807]
INFO:root:queue regenerated:[5040, 867, 6981, 5387, 4655]
INFO:root:queue regenerated:[7032, 2666, 6528, 3927, 6185]
INFO:root:queue regenerated:[1870, 2077, 1254, 5856, 5397]
INFO:root:queue regenerated:[6100, 1900, 4808, 5812, 3897]
INFO:root:queue regenerated:[2958, 6636, 3765, 7756, 5459]
INFO:root:queue regenerated:[990, 2855, 5506, 5964, 4793]
INFO:root:queue regenerated:[2598, 2136, 3530, 4361, 812]
INFO:root:queue regenerated:[4351, 3016, 7425, 335, 2148]
INFO:root:queue regenerated:[7777, 7151, 2211, 856, 6361]
INFO:root:queue regenerated:[7702, 6189, 2816, 4118, 2134]
INFO:root:queue regenerated:[6942, 4526, 6590, 3398, 568]
INFO:root:queue regenerated:[4852, 3473, 5736, 5882, 1534]
INFO:root:queue regenerated:[1040, 6757, 3555, 3033, 1265]
INFO:root:queue regenerated:[2813, 6704, 6007, 2737, 2546]
INFO:root:queue regenerated:[1686, 5280, 7276, 7393, 2563]
INFO:root:queue regenerated:[7379, 1656, 1828, 6118, 7175]
INFO:root:queue regenerated:[1741, 2671, 2779, 7064, 2098]
INFO:root:queue regenerated:[3672, 3005, 1105, 3777, 4350]
INFO:root:queue regenerated:[4926, 3052, 1638, 4535, 5360]
INFO:root:queue regenerated:[6194, 4412, 397, 1931, 6843]
INFO:root:queue regenerated:[4679, 5668, 4601, 1430, 2708]
INFO:root:queue regenerated:[5946, 3229, 1135, 2143, 3812]
INFO:root:queue regenerated:[2586, 5978, 2930, 3057, 983]
INFO:root:queue regenerated:[4954, 6006, 7258, 1130, 2201]
INFO:root:queue regenerated:[4010, 1419, 2189, 3102, 1354]
INFO:root:queue regenerated:[7462, 2967, 2054, 5117, 5013]
INFO:root:queue regenerated:[268, 595, 2485, 91, 6999]
INFO:root:queue regenerated:[3232, 993, 3396, 2510, 4175]
INFO:root:queue regenerated:[7218, 7722, 7620, 2937, 5984]
INFO:root:queue regenerated:[3604, 1528, 6744, 7653, 845]
INFO:root:queue regenerated:[3114, 2603, 1472, 897, 6223]
INFO:root:queue regenerated:[4741, 5241, 1413, 1050, 7503]
INFO:root:queue regenerated:[2926, 6976, 3670, 924, 778]
INFO:root:queue regenerated:[940, 4428, 2961, 1399, 6692]
INFO:root:queue regenerated:[53, 6771, 7892, 4119, 5980]
INFO:root:queue regenerated:[2881, 4514, 1313, 5524, 5486]
INFO:root:queue regenerated:[5303, 1086, 1054, 2809, 6315]
INFO:root:queue regenerated:[4660, 5589, 1587, 6827, 3245]
INFO:root:queue regenerated:[6707, 6224, 5764, 6163, 5762]
INFO:root:queue regenerated:[1129, 6500, 788, 6958, 5536]
INFO:root:queue regenerated:[4412, 4250, 7178, 2628, 7338]
INFO:root:queue regenerated:[1599, 6609, 1565, 1538, 7861]
INFO:root:queue regenerated:[1760, 2133, 1935, 5609, 1429]
INFO:root:queue regenerated:[4641, 4363, 4952, 7239, 6494]
INFO:root:queue regenerated:[2097, 5161, 4506, 5533, 1659]
INFO:root:queue regenerated:[7877, 1313, 6347, 2098, 2486]
INFO:root:queue regenerated:[7759, 2160, 6179, 6219, 5242]
INFO:root:queue regenerated:[5407, 3763, 5288, 2594, 7395]
INFO:root:queue regenerated:[520, 6320, 1899, 496, 6056]
INFO:root:queue regenerated:[4674, 1692, 4222, 7771, 6417]
INFO:root:queue regenerated:[7780, 7843, 7071, 3509, 4258]
INFO:root:queue regenerated:[5293, 681, 2910, 431, 7011]
INFO:root:queue regenerated:[5635, 5874, 7218, 4530, 2721]
INFO:root:queue regenerated:[6066, 2228, 2618, 5587, 5348]
INFO:root:queue regenerated:[29, 8, 5575, 5601, 1471]
INFO:root:queue regenerated:[4979, 7605, 2725, 4083, 4663]
INFO:root:queue regenerated:[3703, 860, 4157, 5168, 3617]
INFO:root:queue regenerated:[7221, 6992, 3984, 3837, 6300]
INFO:root:queue regenerated:[2933, 4287, 1708, 7586, 4142]
INFO:root:queue regenerated:[4014, 5034, 607, 1062, 7542]
INFO:root:queue regenerated:[4579, 883, 4629, 6846, 3067]
INFO:root:queue regenerated:[4443, 4363, 5109, 4681, 4270]
INFO:root:queue regenerated:[5410, 5995, 1613, 3612, 1391]
INFO:root:queue regenerated:[519, 883, 5139, 2827, 6759]
INFO:root:queue regenerated:[3881, 3511, 2297, 5433, 1077]
INFO:root:queue regenerated:[2117, 165, 3588, 5834, 2329]
INFO:root:queue regenerated:[4783, 5507, 6357, 6468, 718]
INFO:root:queue regenerated:[5531, 4110, 6843, 1380, 4643]
INFO:root:queue regenerated:[3370, 6367, 2771, 1416, 1687]
INFO:root:queue regenerated:[1894, 6868, 7334, 1852, 6248]
INFO:root:queue regenerated:[6821, 5160, 616, 851, 2431]
INFO:root:queue regenerated:[2168, 5417, 4355, 5313, 1759]
INFO:root:queue regenerated:[5311, 1580, 7650, 2009, 2103]
INFO:root:queue regenerated:[6903, 3931, 6212, 4283, 682]
INFO:root:queue regenerated:[6726, 6207, 5241, 4798, 7537]
INFO:root:queue regenerated:[777, 3724, 4753, 98, 601]
INFO:root:queue regenerated:[62, 5122, 1610, 4228, 6627]
INFO:root:queue regenerated:[2247, 6913, 5231, 4061, 4328]
INFO:root:queue regenerated:[5383, 7216, 325, 5497, 6006]
INFO:root:queue regenerated:[7637, 1812, 921, 6634, 5672]
INFO:root:queue regenerated:[94, 5885, 6579, 5687, 1100]
INFO:root:queue regenerated:[7575, 507, 1533, 5457, 5359]
INFO:root:queue regenerated:[2290, 0, 5672, 164, 6569]
INFO:root:queue regenerated:[4803, 2491, 5751, 2154, 3599]
INFO:root:queue regenerated:[4117, 6996, 4910, 7596, 295]
INFO:root:queue regenerated:[4671, 7840, 6999, 6960, 6472]
INFO:root:queue regenerated:[5448, 1427, 1219, 7047, 2613]
INFO:root:queue regenerated:[7549, 7782, 1212, 489, 1805]
INFO:root:queue regenerated:[1985, 7663, 4336, 3161, 7152]
INFO:root:queue regenerated:[7252, 67, 6313, 449, 4000]
INFO:root:queue regenerated:[2486, 2734, 7642, 1745, 2910]
INFO:root:queue regenerated:[7544, 3198, 741, 7803, 2555]
INFO:root:queue regenerated:[7236, 3794, 1243, 4449, 2361]
INFO:root:queue regenerated:[1901, 6408, 6142, 236, 7850]
INFO:root:queue regenerated:[5218, 786, 3437, 7209, 6348]
INFO:root:queue regenerated:[4367, 2816, 1278, 3192, 5181]
INFO:root:queue regenerated:[5194, 6464, 5645, 1232, 7323]
INFO:root:queue regenerated:[6384, 6419, 2074, 2294, 6136]
INFO:root:queue regenerated:[5177, 1715, 3540, 3688, 2339]
INFO:root:queue regenerated:[6497, 6496, 7719, 7352, 1477]
INFO:root:queue regenerated:[3598, 6238, 458, 2676, 344]
INFO:root:queue regenerated:[3839, 1433, 2008, 233, 3830]
INFO:root:queue regenerated:[5098, 5087, 7356, 2131, 2191]
INFO:root:queue regenerated:[273, 517, 6782, 5727, 7852]
INFO:root:queue regenerated:[6520, 2344, 2489, 7360, 2102]
INFO:root:queue regenerated:[2483, 6389, 4598, 5700, 6063]
INFO:root:queue regenerated:[2020, 1828, 6681, 4933, 6997]
INFO:root:queue regenerated:[1633, 4499, 6500, 2149, 1062]
INFO:root:queue regenerated:[1164, 5637, 1606, 1068, 3635]
INFO:root:queue regenerated:[7109, 7167, 7105, 1982, 7115]
INFO:root:queue regenerated:[6616, 1850, 3871, 2837, 2884]
INFO:root:queue regenerated:[1440, 3727, 7152, 4946, 6704]
INFO:root:queue regenerated:[1190, 1761, 6345, 1790, 551]
INFO:root:queue regenerated:[3664, 6316, 1381, 798, 7647]
INFO:root:queue regenerated:[2705, 592, 6027, 2630, 128]
INFO:root:queue regenerated:[3240, 2103, 4148, 1845, 5822]
INFO:root:queue regenerated:[7708, 707, 5961, 3083, 6558]
INFO:root:queue regenerated:[814, 4234, 4254, 7076, 51]
INFO:root:queue regenerated:[480, 671, 4466, 1049, 4637]
INFO:root:queue regenerated:[3967, 5882, 5975, 1275, 7260]
INFO:root:queue regenerated:[2421, 2327, 2310, 7727, 1177]
INFO:root:queue regenerated:[5844, 5924, 3100, 1606, 4222]
INFO:root:queue regenerated:[5788, 7758, 6970, 5724, 3615]
INFO:root:queue regenerated:[3169, 4063, 7840, 3338, 4142]
INFO:root:queue regenerated:[6420, 1498, 3057, 701, 7200]
INFO:root:queue regenerated:[1930, 2654, 7282, 3288, 2323]
INFO:root:queue regenerated:[4266, 1382, 1521, 102, 5883]
INFO:root:queue regenerated:[3154, 1921, 5794, 4425, 3084]
INFO:root:queue regenerated:[866, 5616, 1107, 998, 3856]
INFO:root:queue regenerated:[3856, 1364, 3872, 622, 3840]
INFO:root:queue regenerated:[5368, 6973, 7622, 4506, 4437]
INFO:root:queue regenerated:[6900, 2794, 1345, 5853, 5804]
INFO:root:queue regenerated:[2445, 1234, 6150, 6491, 5331]
INFO:root:queue regenerated:[4472, 1513, 2835, 6451, 7332]
INFO:root:queue regenerated:[3654, 3819, 2091, 1213, 3240]
INFO:root:queue regenerated:[2067, 6049, 492, 7654, 4132]
INFO:root:queue regenerated:[4000, 3504, 6417, 3240, 6131]
INFO:root:queue regenerated:[7172, 637, 4081, 3244, 901]
INFO:root:queue regenerated:[631, 6864, 2084, 5813, 2944]
INFO:root:queue regenerated:[3237, 1648, 7359, 764, 6865]
INFO:root:queue regenerated:[6608, 7113, 1889, 7136, 81]
INFO:root:queue regenerated:[742, 3143, 2459, 7494, 4987]
INFO:root:queue regenerated:[4497, 3125, 4162, 1573, 6167]
INFO:root:queue regenerated:[1113, 5487, 3275, 4423, 1827]
INFO:root:queue regenerated:[1923, 2226, 3828, 1891, 3273]
INFO:root:queue regenerated:[4661, 4272, 5300, 1050, 1269]
INFO:root:queue regenerated:[5381, 3802, 5681, 7516, 1883]
INFO:root:queue regenerated:[705, 1739, 3782, 3303, 1263]
INFO:root:queue regenerated:[2485, 4910, 2380, 3905, 3301]
INFO:root:queue regenerated:[7341, 6401, 6312, 1677, 117]
INFO:root:queue regenerated:[1018, 4053, 2809, 4632, 3046]
INFO:root:queue regenerated:[1292, 7127, 1812, 3362, 5217]
INFO:root:queue regenerated:[7588, 4192, 4701, 2921, 7815]
INFO:root:queue regenerated:[6875, 3851, 2471, 331, 347]
INFO:root:queue regenerated:[4119, 1735, 1868, 6254, 3596]
INFO:root:queue regenerated:[4963, 6826, 3170, 6186, 3866]
INFO:root:queue regenerated:[7330, 5558, 1811, 1244, 5700]
INFO:root:queue regenerated:[2684, 245, 4147, 4084, 1691]
INFO:root:queue regenerated:[2511, 7677, 6108, 6065, 6414]
INFO:root:queue regenerated:[1131, 3488, 365, 6380, 2330]
INFO:root:queue regenerated:[4444, 6518, 2449, 6573, 5484]
INFO:root:queue regenerated:[1427, 5614, 3196, 447, 1097]
INFO:root:queue regenerated:[1256, 7502, 2201, 3127, 3038]
INFO:root:queue regenerated:[7368, 987, 858, 6232, 5853]
INFO:root:queue regenerated:[2321, 6172, 2136, 2334, 3106]
INFO:root:queue regenerated:[2235, 98, 7806, 2509, 4566]
INFO:root:queue regenerated:[1929, 7509, 4991, 5590, 7244]
INFO:root:queue regenerated:[4067, 1780, 1795, 4771, 5084]
INFO:root:queue regenerated:[2470, 3272, 3354, 1309, 5243]
INFO:root:queue regenerated:[6028, 7103, 6118, 6696, 5860]
INFO:root:queue regenerated:[5849, 6734, 914, 5098, 1351]
