nohup: ignoring input
./experiments2.sh: 1: source: not found
Global seed set to 970131
INFO:root:total dataset size: 7909
INFO:root:queue regenerated:[1585, 4391, 267, 5753, 5406]
INFO:root:total dataset size: 823
GPU available: True, used: True
TPU available: False, using: 0 TPU cores
IPU available: False, using: 0 IPUs
LOCAL_RANK: 0 - CUDA_VISIBLE_DEVICES: [2]

  | Name      | Type                   | Params
-----------------------------------------------------
0 | sed_model | HTSAT_Swin_Transformer | 28.7 M
-----------------------------------------------------
27.6 M    Trainable params
1.1 M     Non-trainable params
28.7 M    Total params
114.657   Total estimated model params size (MB)
INFO:root:queue regenerated:[2996, 2168, 27, 3653, 2201]
INFO:root:queue regenerated:[6711, 5078, 4707, 3062, 2289]
INFO:root:queue regenerated:[5385, 2487, 6942, 7371, 6083]
INFO:root:queue regenerated:[2524, 1797, 3548, 2316, 6893]
