nohup: ignoring input
./experiments3.sh: 1: source: not found
Global seed set to 970131
INFO:root:total dataset size: 7916
INFO:root:queue regenerated:[1585, 4391, 267, 5753, 5406]
INFO:root:total dataset size: 816
GPU available: True, used: True
TPU available: False, using: 0 TPU cores
IPU available: False, using: 0 IPUs
LOCAL_RANK: 0 - CUDA_VISIBLE_DEVICES: [1]

  | Name      | Type                   | Params
-----------------------------------------------------
0 | sed_model | HTSAT_Swin_Transformer | 28.7 M
-----------------------------------------------------
27.6 M    Trainable params
1.1 M     Non-trainable params
28.7 M    Total params
114.657   Total estimated model params size (MB)
INFO:root:queue regenerated:[5197, 490, 7426, 1171, 6711]
INFO:root:queue regenerated:[4668, 7241, 6956, 4643, 7732]
INFO:root:queue regenerated:[7831, 2540, 905, 3204, 2441]
INFO:root:queue regenerated:[1274, 6208, 2666, 7228, 4196]
INFO:root:queue regenerated:[2839, 3061, 4743, 1631, 654]
INFO:root:queue regenerated:[5109, 6999, 6029, 1944, 3539]
INFO:root:queue regenerated:[4158, 3223, 105, 6051, 397]
INFO:root:queue regenerated:[7798, 7707, 525, 3083, 4520]
INFO:root:queue regenerated:[6660, 7860, 5551, 7734, 1514]
INFO:root:queue regenerated:[210, 7608, 3582, 404, 5658]
INFO:root:queue regenerated:[5946, 4408, 2821, 4361, 4992]
INFO:root:queue regenerated:[7112, 6570, 1849, 4457, 5012]
INFO:root:queue regenerated:[1667, 7290, 1706, 4842, 3787]
INFO:root:queue regenerated:[4871, 7430, 1624, 5190, 7388]
INFO:root:queue regenerated:[5144, 7578, 3424, 2287, 5834]
INFO:root:queue regenerated:[7358, 1392, 4081, 1793, 2967]
INFO:root:queue regenerated:[6067, 229, 6690, 7437, 1797]
INFO:root:queue regenerated:[2968, 6758, 4435, 1430, 3624]
INFO:root:queue regenerated:[3353, 3317, 3313, 2101, 312]
INFO:root:queue regenerated:[5398, 4854, 4721, 1481, 3464]
INFO:root:queue regenerated:[4451, 3960, 7678, 1234, 4630]
INFO:root:queue regenerated:[3402, 1084, 4499, 3441, 2947]
INFO:root:queue regenerated:[5943, 3887, 2343, 5867, 7384]
INFO:root:queue regenerated:[3690, 1638, 3765, 4455, 3804]
INFO:root:queue regenerated:[7534, 1110, 5598, 2514, 7153]
INFO:root:queue regenerated:[6169, 172, 3200, 4774, 6576]
INFO:root:queue regenerated:[3135, 5860, 3104, 5102, 4497]
INFO:root:queue regenerated:[1015, 382, 1062, 6290, 4149]
INFO:root:queue regenerated:[5961, 6669, 5527, 4152, 6299]
INFO:root:queue regenerated:[4594, 4697, 1727, 403, 3020]
INFO:root:queue regenerated:[264, 7056, 1065, 7377, 3553]
INFO:root:queue regenerated:[1430, 579, 7843, 2498, 4026]
INFO:root:queue regenerated:[100, 265, 4378, 2720, 1621]
INFO:root:queue regenerated:[6495, 3067, 5006, 3415, 5508]
INFO:root:queue regenerated:[5808, 6292, 2729, 4655, 3089]
INFO:root:queue regenerated:[5850, 602, 5468, 6790, 2972]
INFO:root:queue regenerated:[1863, 7614, 6192, 3020, 2485]
INFO:root:queue regenerated:[6248, 7675, 5517, 3300, 4454]
INFO:root:queue regenerated:[5772, 3573, 4625, 5709, 1348]
INFO:root:queue regenerated:[2308, 6973, 6101, 4061, 5917]
INFO:root:queue regenerated:[6905, 6191, 3464, 4629, 6346]
INFO:root:queue regenerated:[5142, 5138, 3249, 1031, 6923]
INFO:root:queue regenerated:[1563, 6461, 4699, 6469, 5283]
INFO:root:queue regenerated:[6238, 4937, 3889, 2391, 446]
INFO:root:queue regenerated:[5025, 1497, 3102, 3216, 1024]
INFO:root:queue regenerated:[7518, 5807, 7765, 5820, 2444]
INFO:root:queue regenerated:[2628, 762, 1867, 2827, 2170]
INFO:root:queue regenerated:[741, 5497, 4651, 3994, 4507]
INFO:root:queue regenerated:[4700, 1113, 2378, 817, 4994]
INFO:root:queue regenerated:[6057, 1484, 2874, 6152, 3345]
INFO:root:queue regenerated:[5007, 6975, 7705, 3164, 7371]
INFO:root:queue regenerated:[5457, 3268, 551, 7513, 5481]
INFO:root:queue regenerated:[5135, 5302, 3133, 6167, 7341]
INFO:root:queue regenerated:[1918, 5934, 5258, 6372, 7724]
INFO:root:queue regenerated:[2435, 5596, 7742, 3551, 6493]
INFO:root:queue regenerated:[1446, 3322, 4853, 3238, 205]
INFO:root:queue regenerated:[2981, 3644, 4933, 7672, 1136]
INFO:root:queue regenerated:[2754, 7650, 9, 931, 6376]
INFO:root:queue regenerated:[906, 1905, 3225, 281, 3492]
INFO:root:queue regenerated:[7374, 6931, 1702, 7716, 7782]
INFO:root:queue regenerated:[2010, 620, 3906, 3216, 6156]
INFO:root:queue regenerated:[2721, 4273, 5458, 7778, 7032]
INFO:root:queue regenerated:[5234, 1924, 4727, 7293, 1564]
INFO:root:queue regenerated:[175, 7737, 5779, 3609, 7736]
INFO:root:queue regenerated:[6521, 5629, 4609, 5140, 2704]
INFO:root:queue regenerated:[2437, 7541, 4208, 5810, 861]
INFO:root:queue regenerated:[1779, 2965, 5496, 5462, 4139]
INFO:root:queue regenerated:[5290, 5095, 3840, 988, 3411]
INFO:root:queue regenerated:[3659, 4710, 3181, 1089, 4195]
INFO:root:queue regenerated:[1843, 1838, 384, 2525, 4194]
INFO:root:queue regenerated:[5299, 2949, 5278, 6025, 76]
INFO:root:queue regenerated:[2984, 1041, 2445, 1773, 2437]
INFO:root:queue regenerated:[3401, 3737, 1389, 138, 2335]
INFO:root:queue regenerated:[1710, 6948, 7550, 7452, 1848]
INFO:root:queue regenerated:[4266, 7026, 6823, 194, 2372]
INFO:root:queue regenerated:[6051, 317, 3466, 3068, 6770]
INFO:root:queue regenerated:[3824, 5182, 7666, 783, 4025]
INFO:root:queue regenerated:[3053, 7514, 6372, 7410, 3867]
INFO:root:queue regenerated:[4108, 1333, 2095, 6331, 1792]
INFO:root:queue regenerated:[6037, 7491, 2119, 4181, 4368]
INFO:root:queue regenerated:[3300, 5834, 6555, 3483, 4202]
INFO:root:queue regenerated:[7510, 7639, 805, 4412, 5683]
INFO:root:queue regenerated:[3057, 3525, 4399, 5509, 6635]
INFO:root:queue regenerated:[3102, 5136, 527, 1362, 3233]
INFO:root:queue regenerated:[4032, 1555, 1628, 1479, 6441]
INFO:root:queue regenerated:[2683, 4858, 2329, 5019, 7715]
INFO:root:queue regenerated:[158, 2054, 3684, 5828, 5469]
INFO:root:queue regenerated:[2163, 6545, 1814, 3584, 2313]
INFO:root:queue regenerated:[4256, 3663, 4378, 3389, 5185]
INFO:root:queue regenerated:[491, 4065, 1561, 4475, 6176]
INFO:root:queue regenerated:[6178, 5076, 4589, 5282, 4115]
INFO:root:queue regenerated:[1247, 3769, 7549, 2713, 6611]
INFO:root:queue regenerated:[7570, 7046, 7106, 2514, 5789]
INFO:root:queue regenerated:[3009, 1806, 1725, 2363, 3462]
INFO:root:queue regenerated:[1809, 3282, 6986, 5137, 5420]
INFO:root:queue regenerated:[1896, 4172, 531, 6715, 3320]
INFO:root:queue regenerated:[4699, 177, 4403, 1185, 5959]
INFO:root:queue regenerated:[7031, 4711, 4912, 6690, 2487]
INFO:root:queue regenerated:[5689, 2436, 1062, 5386, 5896]
INFO:root:queue regenerated:[185, 7223, 695, 3676, 3247]
INFO:root:queue regenerated:[7245, 1541, 2030, 2328, 6986]
INFO:root:queue regenerated:[92, 2356, 5944, 2933, 1845]
INFO:root:queue regenerated:[4637, 6765, 2405, 2695, 2883]
INFO:root:queue regenerated:[2857, 4732, 4478, 6273, 697]
INFO:root:queue regenerated:[4268, 5967, 5821, 5813, 1112]
INFO:root:queue regenerated:[154, 6962, 2260, 3880, 6376]
INFO:root:queue regenerated:[5994, 1500, 6870, 2780, 3213]
INFO:root:queue regenerated:[4965, 2058, 7006, 1142, 1255]
INFO:root:queue regenerated:[3723, 7511, 4977, 6806, 5888]
INFO:root:queue regenerated:[2406, 5787, 7741, 6122, 6685]
INFO:root:queue regenerated:[3384, 7015, 2937, 6674, 250]
INFO:root:queue regenerated:[7901, 6595, 2586, 6426, 2584]
INFO:root:queue regenerated:[3279, 5020, 7910, 6107, 7711]
INFO:root:queue regenerated:[7497, 3560, 3707, 7330, 5246]
INFO:root:queue regenerated:[2915, 387, 7731, 25, 2890]
INFO:root:queue regenerated:[5160, 6425, 4517, 4094, 5308]
INFO:root:queue regenerated:[7643, 4707, 4534, 7770, 3949]
INFO:root:queue regenerated:[6084, 6200, 6334, 5869, 1360]
INFO:root:queue regenerated:[1578, 2794, 3817, 2544, 3499]
INFO:root:queue regenerated:[2726, 452, 967, 6056, 2622]
INFO:root:queue regenerated:[4669, 1247, 4578, 4147, 1487]
INFO:root:queue regenerated:[7802, 398, 4712, 4942, 1074]
INFO:root:queue regenerated:[982, 3852, 1753, 4900, 4487]
INFO:root:queue regenerated:[7320, 4838, 3695, 6308, 2048]
INFO:root:queue regenerated:[5558, 2753, 635, 5978, 2739]
INFO:root:queue regenerated:[6310, 7248, 6137, 2815, 3865]
INFO:root:queue regenerated:[1888, 1000, 2934, 3287, 5877]
INFO:root:queue regenerated:[6186, 6566, 3310, 4720, 4327]
INFO:root:queue regenerated:[448, 1579, 4389, 2129, 3894]
INFO:root:queue regenerated:[1939, 3608, 553, 3622, 5227]
INFO:root:queue regenerated:[5914, 5467, 167, 3130, 5729]
INFO:root:queue regenerated:[1593, 3265, 411, 7011, 7709]
INFO:root:queue regenerated:[3983, 4918, 7840, 3762, 1087]
INFO:root:queue regenerated:[4302, 408, 3293, 997, 294]
INFO:root:queue regenerated:[5233, 1940, 1716, 3122, 3508]
INFO:root:queue regenerated:[1702, 5131, 6353, 3309, 6899]
INFO:root:queue regenerated:[7437, 3743, 4122, 1504, 6373]
INFO:root:queue regenerated:[5442, 1028, 412, 4737, 7685]
INFO:root:queue regenerated:[795, 2478, 5813, 5231, 3207]
INFO:root:queue regenerated:[1796, 4451, 7300, 29, 7463]
INFO:root:queue regenerated:[5817, 5345, 2421, 504, 409]
INFO:root:queue regenerated:[6969, 5500, 1609, 2490, 391]
INFO:root:queue regenerated:[5370, 5708, 6492, 2066, 1718]
INFO:root:queue regenerated:[5286, 1282, 5854, 3005, 94]
INFO:root:queue regenerated:[3309, 315, 939, 1801, 6131]
INFO:root:queue regenerated:[4652, 4078, 1049, 1728, 4201]
INFO:root:queue regenerated:[7735, 4595, 3756, 2119, 2140]
INFO:root:queue regenerated:[7271, 6478, 5968, 5461, 4833]
INFO:root:queue regenerated:[6346, 4449, 3041, 3736, 6147]
INFO:root:queue regenerated:[810, 5605, 2547, 991, 45]
INFO:root:queue regenerated:[4852, 6798, 4978, 3636, 7727]
INFO:root:queue regenerated:[7727, 7406, 4473, 3680, 3030]
INFO:root:queue regenerated:[345, 7678, 3522, 602, 435]
INFO:root:queue regenerated:[7749, 5651, 2979, 3811, 4328]
INFO:root:queue regenerated:[7674, 4579, 7875, 1528, 5714]
INFO:root:queue regenerated:[1740, 7519, 5366, 2802, 3201]
INFO:root:queue regenerated:[4502, 2118, 4424, 5104, 4894]
INFO:root:queue regenerated:[701, 5454, 5323, 3843, 985]
INFO:root:queue regenerated:[6734, 947, 7230, 968, 3521]
INFO:root:queue regenerated:[4314, 164, 2905, 3372, 261]
INFO:root:queue regenerated:[5221, 788, 6589, 4786, 2550]
INFO:root:queue regenerated:[4166, 7702, 6411, 1959, 6799]
INFO:root:queue regenerated:[3640, 4187, 1086, 7038, 146]
INFO:root:queue regenerated:[2454, 2150, 6411, 4099, 464]
INFO:root:queue regenerated:[7144, 861, 5366, 6753, 1322]
INFO:root:queue regenerated:[132, 6793, 5536, 2943, 3712]
INFO:root:queue regenerated:[5014, 3454, 2144, 7382, 6166]
INFO:root:queue regenerated:[5633, 6785, 1136, 7363, 189]
INFO:root:queue regenerated:[5091, 7444, 7443, 4064, 2781]
INFO:root:queue regenerated:[5622, 4728, 7240, 1601, 2204]
INFO:root:queue regenerated:[3907, 6776, 1988, 2710, 7891]
INFO:root:queue regenerated:[5494, 4865, 7586, 1041, 3228]
INFO:root:queue regenerated:[767, 3785, 5945, 3813, 6929]
INFO:root:queue regenerated:[4856, 2073, 6224, 6349, 713]
INFO:root:queue regenerated:[6784, 2334, 191, 3911, 1803]
INFO:root:queue regenerated:[314, 777, 5609, 6178, 7607]
INFO:root:queue regenerated:[1094, 1427, 6220, 821, 2112]
INFO:root:queue regenerated:[4281, 6716, 4466, 6002, 252]
INFO:root:queue regenerated:[7667, 2286, 7506, 6731, 5642]
INFO:root:queue regenerated:[4517, 5714, 2088, 6179, 3460]
INFO:root:queue regenerated:[4878, 827, 7128, 59, 6733]
INFO:root:queue regenerated:[796, 779, 7417, 5557, 1202]
INFO:root:queue regenerated:[6040, 1854, 6562, 4162, 4273]
INFO:root:queue regenerated:[945, 7626, 5892, 2097, 1713]
INFO:root:queue regenerated:[3145, 1515, 3487, 4221, 1035]
INFO:root:queue regenerated:[601, 6140, 6152, 6904, 5048]
INFO:root:queue regenerated:[95, 4153, 7310, 294, 7836]
INFO:root:queue regenerated:[6944, 3037, 6060, 3347, 6940]
INFO:root:queue regenerated:[4052, 4430, 7762, 5021, 5096]
INFO:root:queue regenerated:[5470, 1204, 3625, 2633, 2248]
INFO:root:queue regenerated:[38, 7416, 2899, 3179, 3486]
INFO:root:queue regenerated:[155, 4584, 2732, 5814, 5126]
INFO:root:queue regenerated:[7790, 7294, 4400, 606, 1721]
INFO:root:queue regenerated:[6297, 5099, 6452, 6653, 7384]
INFO:root:queue regenerated:[335, 2449, 2639, 2595, 6303]
INFO:root:queue regenerated:[2695, 4850, 1388, 387, 3239]
INFO:root:queue regenerated:[6748, 196, 4717, 3576, 7471]
INFO:root:queue regenerated:[4594, 1983, 6418, 318, 5859]
INFO:root:queue regenerated:[7014, 749, 7437, 4301, 6462]
INFO:root:queue regenerated:[4701, 2743, 6098, 2276, 1125]
INFO:root:queue regenerated:[5542, 3366, 6932, 3100, 521]
INFO:root:queue regenerated:[7914, 4021, 5923, 7398, 7893]
INFO:root:queue regenerated:[4178, 4321, 2765, 2015, 1059]
INFO:root:queue regenerated:[6488, 5436, 6882, 3505, 3809]
INFO:root:queue regenerated:[7572, 7162, 3145, 5376, 3458]
INFO:root:queue regenerated:[3624, 4963, 1708, 2281, 6687]
INFO:root:queue regenerated:[2917, 6301, 3229, 713, 6380]
INFO:root:queue regenerated:[5283, 2544, 4934, 2328, 7083]
INFO:root:queue regenerated:[5247, 5548, 1578, 5968, 6522]
INFO:root:queue regenerated:[4029, 7670, 6716, 6926, 3740]
INFO:root:queue regenerated:[770, 3458, 1702, 914, 5014]
INFO:root:queue regenerated:[4630, 574, 7793, 103, 2276]
INFO:root:queue regenerated:[6186, 394, 1724, 3839, 5539]
INFO:root:queue regenerated:[6875, 336, 7354, 1662, 1266]
INFO:root:queue regenerated:[4283, 872, 7056, 2818, 6160]
INFO:root:queue regenerated:[5447, 7097, 1846, 3526, 6214]
INFO:root:queue regenerated:[6052, 5334, 2002, 1599, 857]
INFO:root:queue regenerated:[7898, 7115, 3177, 2661, 2918]
INFO:root:queue regenerated:[5969, 6903, 4521, 3657, 576]
INFO:root:queue regenerated:[7218, 351, 1989, 3327, 3287]
INFO:root:queue regenerated:[360, 1063, 6768, 1053, 1765]
INFO:root:queue regenerated:[2968, 6912, 2333, 271, 4034]
INFO:root:queue regenerated:[1976, 2862, 6301, 493, 2322]
INFO:root:queue regenerated:[7254, 1274, 4327, 4195, 2589]
INFO:root:queue regenerated:[917, 4519, 891, 4697, 4110]
INFO:root:queue regenerated:[1512, 7728, 7038, 1514, 5039]
INFO:root:queue regenerated:[2597, 3049, 4792, 6140, 4606]
INFO:root:queue regenerated:[5664, 638, 350, 7694, 3260]
INFO:root:queue regenerated:[4580, 4697, 1791, 3094, 3999]
INFO:root:queue regenerated:[236, 2502, 2946, 1100, 5656]
INFO:root:queue regenerated:[444, 3768, 1592, 5145, 1885]
INFO:root:queue regenerated:[165, 7542, 6196, 6786, 874]
INFO:root:queue regenerated:[2681, 7281, 1737, 4732, 1724]
INFO:root:queue regenerated:[4688, 2830, 2613, 5752, 6501]
INFO:root:queue regenerated:[301, 3057, 5059, 5242, 3176]
INFO:root:queue regenerated:[3089, 389, 3360, 3944, 6951]
INFO:root:queue regenerated:[5115, 2821, 707, 6220, 1282]
INFO:root:queue regenerated:[854, 3197, 2280, 7559, 171]
INFO:root:queue regenerated:[5632, 3832, 3104, 5771, 753]
INFO:root:queue regenerated:[2471, 287, 2798, 7383, 3834]
INFO:root:queue regenerated:[2022, 5845, 5618, 1911, 3590]
INFO:root:queue regenerated:[6659, 3555, 3110, 1459, 1415]
INFO:root:queue regenerated:[5646, 7229, 2807, 6214, 1383]
INFO:root:queue regenerated:[7034, 6125, 523, 3268, 4352]
INFO:root:queue regenerated:[7860, 3326, 5380, 6477, 4882]
INFO:root:queue regenerated:[7276, 1117, 2549, 3381, 3150]
INFO:root:queue regenerated:[342, 7649, 1096, 5982, 5431]
INFO:root:queue regenerated:[1295, 3802, 3163, 94, 5444]
INFO:root:queue regenerated:[257, 2530, 6555, 2334, 1316]
INFO:root:queue regenerated:[6524, 4956, 6009, 6510, 5943]
INFO:root:queue regenerated:[4145, 720, 4994, 989, 3659]
INFO:root:queue regenerated:[3173, 6253, 7649, 4031, 3480]
INFO:root:queue regenerated:[5333, 5173, 5731, 4098, 821]
INFO:root:queue regenerated:[1823, 1217, 1184, 2288, 1464]
INFO:root:queue regenerated:[3221, 4605, 243, 913, 6235]
INFO:root:queue regenerated:[594, 3641, 5709, 7518, 415]
INFO:root:queue regenerated:[417, 559, 6927, 802, 2514]
INFO:root:queue regenerated:[6832, 337, 1078, 3716, 5432]
INFO:root:queue regenerated:[4437, 2398, 7350, 7330, 890]
INFO:root:queue regenerated:[7306, 5362, 5249, 2803, 2061]
INFO:root:queue regenerated:[872, 5831, 2734, 5370, 5640]
INFO:root:queue regenerated:[4643, 4517, 6924, 4142, 1205]
INFO:root:queue regenerated:[7189, 5775, 2445, 6759, 397]
INFO:root:queue regenerated:[4624, 6430, 3662, 3734, 6427]
INFO:root:queue regenerated:[5468, 2841, 7036, 2567, 3088]
INFO:root:queue regenerated:[4995, 4221, 2093, 4688, 7688]
INFO:root:queue regenerated:[4599, 1889, 1020, 769, 6763]
INFO:root:queue regenerated:[2668, 3347, 3804, 1042, 2991]
INFO:root:queue regenerated:[6094, 6370, 6254, 1333, 5251]
INFO:root:queue regenerated:[3994, 243, 1156, 1929, 4126]
INFO:root:queue regenerated:[4501, 3100, 7508, 2193, 3589]
INFO:root:queue regenerated:[5152, 6454, 3056, 4607, 4752]
INFO:root:queue regenerated:[3930, 2182, 7048, 4359, 2266]
INFO:root:queue regenerated:[5341, 6080, 7770, 2844, 6842]
INFO:root:queue regenerated:[6582, 6531, 385, 1539, 3235]
INFO:root:queue regenerated:[7426, 3287, 6331, 1592, 7075]
INFO:root:queue regenerated:[7799, 592, 5747, 2893, 7001]
INFO:root:queue regenerated:[7805, 5148, 1873, 6363, 4996]
INFO:root:queue regenerated:[4569, 2081, 883, 7853, 6754]
INFO:root:queue regenerated:[2385, 6949, 1942, 2010, 2268]
INFO:root:queue regenerated:[1944, 6925, 2099, 3224, 3626]
INFO:root:queue regenerated:[2575, 1614, 2234, 5426, 2219]
INFO:root:queue regenerated:[4788, 7067, 2084, 7817, 3771]
INFO:root:queue regenerated:[4154, 339, 770, 7591, 1786]
INFO:root:queue regenerated:[5545, 998, 6751, 2623, 5135]
INFO:root:queue regenerated:[4621, 248, 3804, 4404, 7314]
INFO:root:queue regenerated:[2488, 446, 2610, 4229, 5604]
INFO:root:queue regenerated:[32, 988, 4506, 554, 6531]
INFO:root:queue regenerated:[4804, 809, 4772, 341, 6140]
INFO:root:queue regenerated:[593, 2763, 4261, 3931, 1382]
INFO:root:queue regenerated:[1160, 7785, 2210, 5259, 4113]
INFO:root:queue regenerated:[2756, 5123, 3100, 4300, 1573]
INFO:root:queue regenerated:[64, 589, 3209, 6682, 1873]
INFO:root:queue regenerated:[7544, 6198, 6601, 210, 1737]
INFO:root:queue regenerated:[4790, 4308, 6205, 7868, 660]
INFO:root:queue regenerated:[3989, 7344, 6352, 2255, 5990]
INFO:root:queue regenerated:[1496, 7239, 7119, 7238, 2923]
INFO:root:queue regenerated:[101, 787, 6677, 6083, 1741]
INFO:root:queue regenerated:[2116, 4527, 4585, 5227, 213]
INFO:root:queue regenerated:[3820, 5946, 4928, 4773, 4866]
Global seed set to 970131
INFO:root:total dataset size: 7895
INFO:root:queue regenerated:[1585, 4391, 267, 5753, 5406]
INFO:root:total dataset size: 837
GPU available: True, used: True
TPU available: False, using: 0 TPU cores
IPU available: False, using: 0 IPUs
LOCAL_RANK: 0 - CUDA_VISIBLE_DEVICES: [1]

  | Name      | Type                   | Params
-----------------------------------------------------
0 | sed_model | HTSAT_Swin_Transformer | 28.7 M
-----------------------------------------------------
27.6 M    Trainable params
1.1 M     Non-trainable params
28.7 M    Total params
114.657   Total estimated model params size (MB)
INFO:root:queue regenerated:[5257, 1119, 7672, 407, 635]
INFO:root:queue regenerated:[1022, 2986, 7245, 916, 6928]
INFO:root:queue regenerated:[1060, 6096, 188, 6964, 3683]
INFO:root:queue regenerated:[4665, 2738, 5228, 3297, 1957]
INFO:root:queue regenerated:[347, 2349, 7462, 123, 2411]
INFO:root:queue regenerated:[6881, 4677, 5365, 2495, 22]
INFO:root:queue regenerated:[349, 5951, 518, 5126, 6193]
INFO:root:queue regenerated:[5023, 5743, 3758, 5325, 6014]
INFO:root:queue regenerated:[1274, 4604, 124, 6665, 4794]
INFO:root:queue regenerated:[2186, 2429, 627, 2185, 3488]
INFO:root:queue regenerated:[4398, 6116, 6699, 986, 1853]
INFO:root:queue regenerated:[3486, 1840, 4456, 480, 6383]
INFO:root:queue regenerated:[6982, 4982, 2202, 801, 2737]
INFO:root:queue regenerated:[5519, 2669, 1660, 6798, 1817]
INFO:root:queue regenerated:[4533, 3561, 623, 2266, 673]
INFO:root:queue regenerated:[7605, 7162, 7836, 1782, 1318]
INFO:root:queue regenerated:[7185, 1069, 4916, 4437, 6699]
INFO:root:queue regenerated:[900, 4000, 5956, 3804, 7446]
INFO:root:queue regenerated:[6336, 7258, 2278, 1483, 5790]
INFO:root:queue regenerated:[2993, 5914, 3130, 7665, 6842]
INFO:root:queue regenerated:[5679, 270, 7731, 7209, 2777]
INFO:root:queue regenerated:[7176, 6379, 2665, 3068, 4148]
INFO:root:queue regenerated:[1709, 1441, 3527, 779, 2783]
INFO:root:queue regenerated:[1992, 4504, 975, 1912, 3941]
INFO:root:queue regenerated:[3271, 1314, 6799, 3099, 3175]
INFO:root:queue regenerated:[3100, 1547, 1053, 4021, 4153]
INFO:root:queue regenerated:[3711, 6478, 4129, 4518, 2627]
INFO:root:queue regenerated:[5220, 2921, 2745, 427, 6428]
INFO:root:queue regenerated:[3120, 2381, 5514, 1189, 595]
INFO:root:queue regenerated:[7689, 3336, 3056, 6501, 2639]
INFO:root:queue regenerated:[4512, 25, 4799, 1693, 92]
INFO:root:queue regenerated:[3956, 1304, 6117, 2869, 577]
INFO:root:queue regenerated:[3967, 5763, 136, 3811, 266]
INFO:root:queue regenerated:[3436, 2192, 3323, 1228, 7585]
INFO:root:queue regenerated:[3860, 65, 6646, 5908, 7526]
INFO:root:queue regenerated:[4740, 6477, 7277, 84, 5356]
INFO:root:queue regenerated:[1999, 1111, 6787, 2046, 6455]
INFO:root:queue regenerated:[2427, 4174, 2723, 1934, 128]
INFO:root:queue regenerated:[2215, 5224, 809, 3517, 6210]
INFO:root:queue regenerated:[4688, 7627, 5320, 5541, 7281]
INFO:root:queue regenerated:[5428, 5624, 5143, 2169, 5499]
INFO:root:queue regenerated:[1386, 96, 129, 2258, 5579]
INFO:root:queue regenerated:[611, 4383, 68, 4395, 4612]
INFO:root:queue regenerated:[3707, 266, 4887, 1149, 1789]
INFO:root:queue regenerated:[5628, 1232, 885, 5767, 4753]
INFO:root:queue regenerated:[3254, 5058, 4834, 4018, 4211]
INFO:root:queue regenerated:[2934, 7596, 4783, 6804, 4197]
INFO:root:queue regenerated:[4739, 3763, 3610, 4093, 3005]
INFO:root:queue regenerated:[2759, 5883, 4362, 4596, 1593]
INFO:root:queue regenerated:[6403, 2402, 0, 1951, 6467]
INFO:root:queue regenerated:[6201, 3359, 3210, 5907, 2844]
INFO:root:queue regenerated:[3404, 2658, 1560, 7167, 3588]
INFO:root:queue regenerated:[3474, 3136, 5597, 1159, 1833]
INFO:root:queue regenerated:[3179, 1060, 5585, 6297, 2219]
INFO:root:queue regenerated:[6505, 1419, 272, 4123, 3985]
INFO:root:queue regenerated:[6632, 3903, 349, 4949, 5529]
INFO:root:queue regenerated:[3708, 3613, 3328, 548, 5969]
INFO:root:queue regenerated:[3166, 423, 2543, 3513, 2327]
INFO:root:queue regenerated:[6052, 5591, 2157, 5069, 6487]
INFO:root:queue regenerated:[666, 7340, 300, 3799, 3125]
INFO:root:queue regenerated:[2473, 3270, 4461, 4632, 4974]
INFO:root:queue regenerated:[4097, 3769, 1889, 5404, 2207]
INFO:root:queue regenerated:[4642, 6864, 6096, 4075, 95]
INFO:root:queue regenerated:[7482, 6515, 5427, 1644, 3308]
INFO:root:queue regenerated:[1277, 6439, 3290, 3115, 3401]
INFO:root:queue regenerated:[4659, 3610, 7386, 4900, 2552]
INFO:root:queue regenerated:[1829, 7217, 5770, 3808, 7577]
INFO:root:queue regenerated:[5600, 7411, 928, 6944, 955]
INFO:root:queue regenerated:[7706, 1509, 6256, 5997, 7205]
INFO:root:queue regenerated:[6383, 6204, 1592, 3187, 1220]
INFO:root:queue regenerated:[4979, 1580, 7819, 1619, 1318]
INFO:root:queue regenerated:[1687, 3496, 6435, 5205, 1931]
INFO:root:queue regenerated:[6275, 1906, 4984, 4626, 3883]
INFO:root:queue regenerated:[6400, 2707, 6355, 1774, 2181]
INFO:root:queue regenerated:[6245, 3018, 6740, 7623, 642]
INFO:root:queue regenerated:[7633, 1107, 4986, 5570, 3089]
INFO:root:queue regenerated:[1867, 3008, 3952, 2002, 5317]
INFO:root:queue regenerated:[1462, 1126, 6284, 7648, 233]
INFO:root:queue regenerated:[7870, 3317, 1486, 2213, 7629]
INFO:root:queue regenerated:[3358, 6877, 4438, 5149, 7568]
INFO:root:queue regenerated:[7455, 6969, 2844, 5872, 5251]
INFO:root:queue regenerated:[5521, 4864, 1991, 1166, 1037]
INFO:root:queue regenerated:[3969, 5192, 1490, 5397, 7734]
INFO:root:queue regenerated:[6315, 7544, 2082, 7151, 1375]
INFO:root:queue regenerated:[2765, 3020, 4058, 3264, 2176]
INFO:root:queue regenerated:[4752, 6314, 3684, 187, 4301]
INFO:root:queue regenerated:[2456, 1550, 1326, 5273, 2997]
INFO:root:queue regenerated:[5735, 1531, 4181, 3609, 4802]
INFO:root:queue regenerated:[4673, 2528, 1975, 640, 5804]
INFO:root:queue regenerated:[5082, 1329, 2325, 3594, 3976]
INFO:root:queue regenerated:[7464, 2137, 3683, 206, 7229]
INFO:root:queue regenerated:[6790, 532, 7064, 750, 6414]
INFO:root:queue regenerated:[4809, 6941, 6872, 3664, 1813]
INFO:root:queue regenerated:[1570, 2366, 3777, 2604, 2672]
INFO:root:queue regenerated:[2182, 70, 5344, 4983, 4242]
INFO:root:queue regenerated:[4352, 406, 4134, 1933, 3704]
INFO:root:queue regenerated:[6045, 68, 4817, 5069, 626]
INFO:root:queue regenerated:[2171, 5636, 4092, 3957, 1042]
INFO:root:queue regenerated:[91, 6041, 1410, 6265, 7508]
INFO:root:queue regenerated:[5354, 2636, 6662, 2278, 7242]
INFO:root:queue regenerated:[7249, 7359, 51, 2354, 6866]
INFO:root:queue regenerated:[6667, 7644, 2799, 7235, 3679]
INFO:root:queue regenerated:[3703, 3840, 7449, 356, 1917]
INFO:root:queue regenerated:[5486, 2623, 3153, 6845, 1830]
INFO:root:queue regenerated:[4898, 2479, 1494, 1039, 6991]
INFO:root:queue regenerated:[3484, 4549, 7099, 6546, 1015]
INFO:root:queue regenerated:[6526, 5666, 3106, 6992, 738]
INFO:root:queue regenerated:[2513, 4998, 2472, 5081, 4957]
INFO:root:queue regenerated:[7656, 2463, 2847, 2558, 7077]
INFO:root:queue regenerated:[5294, 6360, 2713, 6981, 1025]
INFO:root:queue regenerated:[910, 4137, 2835, 5693, 6277]
INFO:root:queue regenerated:[4479, 1842, 374, 408, 2441]
INFO:root:queue regenerated:[3803, 468, 7335, 7187, 4503]
INFO:root:queue regenerated:[6362, 7705, 6200, 515, 4405]
INFO:root:queue regenerated:[6382, 5322, 3981, 1439, 7508]
INFO:root:queue regenerated:[1337, 59, 559, 1051, 5729]
INFO:root:queue regenerated:[4207, 7477, 7787, 2555, 472]
INFO:root:queue regenerated:[5951, 3284, 4034, 6281, 3960]
INFO:root:queue regenerated:[1823, 1432, 7245, 1798, 2274]
INFO:root:queue regenerated:[6062, 1676, 2580, 5457, 1880]
INFO:root:queue regenerated:[2100, 773, 3344, 5276, 4348]
INFO:root:queue regenerated:[1239, 6194, 2532, 2069, 1411]
INFO:root:queue regenerated:[5765, 970, 1014, 1811, 6008]
INFO:root:queue regenerated:[5256, 2668, 7055, 3242, 6599]
INFO:root:queue regenerated:[3806, 5124, 5660, 2424, 1388]
INFO:root:queue regenerated:[1334, 4963, 2099, 4223, 2884]
INFO:root:queue regenerated:[1167, 2778, 6252, 7168, 4870]
INFO:root:queue regenerated:[5234, 3131, 5524, 3130, 6258]
INFO:root:queue regenerated:[430, 2225, 7819, 2424, 4692]
INFO:root:queue regenerated:[2939, 6856, 2675, 6232, 2090]
INFO:root:queue regenerated:[6747, 3667, 675, 2091, 2980]
INFO:root:queue regenerated:[1145, 5572, 4534, 2656, 2819]
INFO:root:queue regenerated:[2671, 4147, 7364, 7214, 4005]
INFO:root:queue regenerated:[5412, 3878, 4661, 1522, 4493]
INFO:root:queue regenerated:[3152, 4865, 1619, 1627, 4503]
INFO:root:queue regenerated:[5339, 6530, 5149, 4418, 743]
INFO:root:queue regenerated:[3462, 4994, 6972, 2942, 6010]
INFO:root:queue regenerated:[2162, 6830, 2900, 2836, 4391]
INFO:root:queue regenerated:[7578, 7498, 7063, 2135, 1825]
INFO:root:queue regenerated:[7014, 7651, 3052, 2601, 2743]
INFO:root:queue regenerated:[6939, 2312, 3489, 1816, 1520]
INFO:root:queue regenerated:[1001, 7287, 6782, 2149, 2048]
INFO:root:queue regenerated:[523, 6990, 1584, 629, 3868]
INFO:root:queue regenerated:[2090, 7504, 7413, 7878, 5762]
INFO:root:queue regenerated:[7463, 7214, 2656, 3023, 6388]
INFO:root:queue regenerated:[808, 6122, 3371, 1290, 6401]
INFO:root:queue regenerated:[7701, 3656, 23, 2698, 3982]
INFO:root:queue regenerated:[6957, 6296, 4873, 941, 2046]
INFO:root:queue regenerated:[3154, 5704, 3664, 7066, 2401]
INFO:root:queue regenerated:[17, 2855, 641, 2791, 855]
INFO:root:queue regenerated:[334, 2258, 4852, 2935, 6279]
INFO:root:queue regenerated:[2726, 5458, 4300, 2457, 3824]
INFO:root:queue regenerated:[4207, 5822, 959, 7699, 2991]
INFO:root:queue regenerated:[2330, 2827, 4797, 1573, 3680]
INFO:root:queue regenerated:[6420, 5071, 7425, 1735, 661]
INFO:root:queue regenerated:[1562, 7687, 6754, 289, 1324]
INFO:root:queue regenerated:[4918, 7647, 6625, 124, 695]
INFO:root:queue regenerated:[1060, 5837, 1252, 5055, 197]
INFO:root:queue regenerated:[6909, 5648, 3197, 1442, 3126]
INFO:root:queue regenerated:[3653, 210, 3182, 305, 423]
INFO:root:queue regenerated:[5928, 5519, 5613, 4787, 539]
INFO:root:queue regenerated:[1289, 2705, 5087, 5585, 5800]
INFO:root:queue regenerated:[2925, 2192, 3890, 2286, 5292]
INFO:root:queue regenerated:[6601, 4493, 4853, 2146, 1729]
INFO:root:queue regenerated:[3010, 1558, 2653, 5142, 4663]
INFO:root:queue regenerated:[4487, 7414, 569, 1811, 7692]
INFO:root:queue regenerated:[4109, 2333, 6944, 373, 4437]
INFO:root:queue regenerated:[911, 7818, 286, 2950, 3592]
INFO:root:queue regenerated:[2397, 5726, 2426, 698, 6699]
INFO:root:queue regenerated:[234, 2523, 5716, 1749, 590]
INFO:root:queue regenerated:[7829, 4417, 4827, 6261, 5762]
INFO:root:queue regenerated:[34, 2148, 5907, 5874, 400]
INFO:root:queue regenerated:[3700, 1621, 4341, 4680, 1185]
INFO:root:queue regenerated:[2594, 1250, 2221, 2248, 6213]
INFO:root:queue regenerated:[2397, 4757, 4392, 7364, 3914]
INFO:root:queue regenerated:[3154, 7319, 5152, 1083, 6764]
INFO:root:queue regenerated:[5135, 2986, 5683, 6425, 1560]
INFO:root:queue regenerated:[1429, 4962, 3767, 4698, 6848]
INFO:root:queue regenerated:[615, 7859, 4736, 2679, 7349]
INFO:root:queue regenerated:[5754, 460, 3679, 2929, 7881]
INFO:root:queue regenerated:[4350, 5313, 7393, 6951, 616]
INFO:root:queue regenerated:[4904, 6120, 2074, 2267, 7824]
INFO:root:queue regenerated:[203, 4031, 6766, 4399, 1141]
INFO:root:queue regenerated:[2996, 2144, 6964, 2977, 1648]
INFO:root:queue regenerated:[7306, 3915, 1380, 2912, 1970]
INFO:root:queue regenerated:[1925, 3032, 3879, 1624, 465]
INFO:root:queue regenerated:[6468, 1740, 5569, 1431, 1268]
INFO:root:queue regenerated:[7427, 413, 395, 6081, 5382]
INFO:root:queue regenerated:[1868, 492, 6082, 3572, 4562]
INFO:root:queue regenerated:[4972, 845, 5622, 873, 1789]
INFO:root:queue regenerated:[7735, 321, 2287, 2364, 2825]
INFO:root:queue regenerated:[3042, 2258, 7702, 2193, 2883]
INFO:root:queue regenerated:[5811, 1433, 3896, 4865, 2763]
INFO:root:queue regenerated:[4749, 5030, 644, 519, 927]
INFO:root:queue regenerated:[4789, 7001, 2232, 5914, 7609]
INFO:root:queue regenerated:[5288, 6168, 1307, 5856, 3345]
INFO:root:queue regenerated:[5688, 4296, 4706, 6380, 2651]
INFO:root:queue regenerated:[7645, 3624, 5943, 6219, 2445]
INFO:root:queue regenerated:[2528, 3467, 704, 6137, 3175]
INFO:root:queue regenerated:[4468, 2149, 3358, 4973, 443]
INFO:root:queue regenerated:[1303, 4288, 585, 6341, 4593]
INFO:root:queue regenerated:[3300, 4465, 7417, 6936, 1309]
INFO:root:queue regenerated:[5860, 955, 5053, 2581, 1122]
INFO:root:queue regenerated:[582, 5960, 6454, 540, 6927]
INFO:root:queue regenerated:[377, 905, 5005, 5119, 7774]
INFO:root:queue regenerated:[572, 3466, 4084, 553, 488]
INFO:root:queue regenerated:[638, 5415, 5355, 2748, 1359]
INFO:root:queue regenerated:[5235, 2781, 1987, 5200, 7667]
INFO:root:queue regenerated:[3313, 7336, 6960, 5891, 4032]
INFO:root:queue regenerated:[1302, 6656, 1056, 5434, 1124]
INFO:root:queue regenerated:[7363, 4472, 3089, 7008, 7009]
INFO:root:queue regenerated:[7153, 3902, 5959, 5985, 6129]
INFO:root:queue regenerated:[1545, 7858, 1927, 481, 2428]
INFO:root:queue regenerated:[321, 5569, 2456, 7741, 7439]
INFO:root:queue regenerated:[647, 7037, 347, 708, 3853]
INFO:root:queue regenerated:[5413, 6550, 6128, 166, 5230]
INFO:root:queue regenerated:[2739, 2914, 4296, 1986, 3144]
INFO:root:queue regenerated:[4110, 2270, 7381, 7502, 7102]
INFO:root:queue regenerated:[4805, 2789, 6622, 1739, 2033]
INFO:root:queue regenerated:[3769, 5411, 5550, 2956, 4158]
INFO:root:queue regenerated:[3305, 6796, 6873, 2383, 7872]
INFO:root:queue regenerated:[135, 1498, 2367, 5517, 1376]
INFO:root:queue regenerated:[2304, 745, 4279, 4251, 5752]
INFO:root:queue regenerated:[2186, 2654, 424, 4420, 6107]
INFO:root:queue regenerated:[6164, 4856, 505, 3757, 3733]
INFO:root:queue regenerated:[3727, 3982, 591, 3718, 3009]
INFO:root:queue regenerated:[6145, 2172, 6999, 1858, 4394]
INFO:root:queue regenerated:[2877, 4278, 4824, 688, 3158]
INFO:root:queue regenerated:[2421, 3943, 7383, 2934, 3660]
INFO:root:queue regenerated:[225, 3419, 6141, 5086, 4107]
INFO:root:queue regenerated:[4709, 6876, 6649, 2587, 2305]
INFO:root:queue regenerated:[6616, 521, 3263, 5584, 7306]
INFO:root:queue regenerated:[4347, 5789, 5154, 3445, 1336]
INFO:root:queue regenerated:[4357, 4112, 4307, 6203, 2661]
INFO:root:queue regenerated:[7025, 487, 4643, 3041, 615]
INFO:root:queue regenerated:[923, 1665, 4381, 6730, 2767]
INFO:root:queue regenerated:[3763, 1406, 4983, 6543, 3453]
INFO:root:queue regenerated:[7225, 4504, 3182, 1042, 288]
INFO:root:queue regenerated:[1118, 7350, 3215, 4631, 4409]
INFO:root:queue regenerated:[3662, 4879, 3467, 4943, 7606]
INFO:root:queue regenerated:[7103, 7447, 109, 6462, 7832]
INFO:root:queue regenerated:[7155, 7062, 4651, 6937, 5180]
INFO:root:queue regenerated:[463, 7480, 2733, 736, 3997]
INFO:root:queue regenerated:[5434, 6784, 3585, 6725, 6271]
INFO:root:queue regenerated:[3312, 2065, 699, 1459, 4005]
INFO:root:queue regenerated:[2553, 7350, 2607, 5546, 1775]
INFO:root:queue regenerated:[2452, 1173, 7712, 767, 2062]
INFO:root:queue regenerated:[4702, 5947, 6858, 4099, 558]
INFO:root:queue regenerated:[5924, 245, 2901, 1839, 1300]
INFO:root:queue regenerated:[608, 7548, 5490, 7274, 4309]
INFO:root:queue regenerated:[6083, 2198, 7873, 6361, 4092]
INFO:root:queue regenerated:[7451, 3594, 6000, 2037, 4988]
INFO:root:queue regenerated:[5900, 1030, 6704, 4685, 3727]
INFO:root:queue regenerated:[2234, 922, 4784, 2671, 6713]
INFO:root:queue regenerated:[3992, 6608, 7033, 3475, 1215]
INFO:root:queue regenerated:[725, 1167, 749, 2498, 7040]
INFO:root:queue regenerated:[7825, 6471, 6353, 6970, 4212]
INFO:root:queue regenerated:[639, 4286, 2952, 3467, 2599]
INFO:root:queue regenerated:[5454, 872, 685, 416, 2783]
INFO:root:queue regenerated:[4353, 1350, 7217, 2911, 5590]
INFO:root:queue regenerated:[1263, 6640, 5081, 973, 531]
INFO:root:queue regenerated:[2126, 80, 4259, 3038, 6311]
INFO:root:queue regenerated:[2290, 4040, 710, 3927, 7060]
INFO:root:queue regenerated:[200, 5933, 582, 7720, 4485]
INFO:root:queue regenerated:[4107, 5706, 7408, 7738, 312]
INFO:root:queue regenerated:[6476, 3862, 5068, 5551, 7504]
INFO:root:queue regenerated:[4284, 6341, 4902, 720, 4579]
INFO:root:queue regenerated:[1707, 2482, 5903, 3931, 6741]
INFO:root:queue regenerated:[1279, 487, 4372, 4143, 4730]
INFO:root:queue regenerated:[1444, 4163, 2474, 2684, 513]
INFO:root:queue regenerated:[3410, 615, 328, 4595, 916]
INFO:root:queue regenerated:[4520, 2988, 7039, 3107, 4099]
INFO:root:queue regenerated:[439, 842, 3695, 5948, 4296]
INFO:root:queue regenerated:[4004, 4385, 2110, 742, 4418]
INFO:root:queue regenerated:[3780, 2231, 6895, 2465, 2901]
INFO:root:queue regenerated:[6420, 310, 7120, 7821, 5543]
INFO:root:queue regenerated:[3875, 1229, 3357, 7059, 5911]
INFO:root:queue regenerated:[774, 3384, 4008, 3511, 3881]
INFO:root:queue regenerated:[451, 5436, 4412, 6298, 7599]
INFO:root:queue regenerated:[1695, 1051, 2929, 6093, 4956]
INFO:root:queue regenerated:[4133, 1082, 939, 2675, 5200]
INFO:root:queue regenerated:[3806, 7519, 1558, 822, 4225]
INFO:root:queue regenerated:[2374, 445, 7509, 7619, 4625]
INFO:root:queue regenerated:[4007, 2935, 435, 6267, 5754]
INFO:root:queue regenerated:[7622, 5094, 7534, 6899, 3704]
INFO:root:queue regenerated:[3507, 2571, 2300, 3581, 4142]
INFO:root:queue regenerated:[5757, 5811, 732, 2730, 66]
INFO:root:queue regenerated:[898, 3422, 190, 7699, 5014]
INFO:root:queue regenerated:[5765, 2985, 5851, 5316, 5926]
INFO:root:queue regenerated:[1068, 1753, 2250, 2992, 3098]
INFO:root:queue regenerated:[5949, 7114, 6290, 7762, 3543]
INFO:root:queue regenerated:[7448, 7520, 6140, 1793, 408]
INFO:root:queue regenerated:[6466, 1331, 1523, 3503, 6059]
INFO:root:queue regenerated:[2001, 571, 951, 7626, 2749]
INFO:root:queue regenerated:[1894, 5666, 3085, 3821, 5107]
INFO:root:queue regenerated:[733, 7796, 7110, 3610, 3958]
INFO:root:queue regenerated:[2188, 5283, 287, 5465, 5418]
INFO:root:queue regenerated:[1522, 1090, 4067, 6686, 5997]
INFO:root:queue regenerated:[1954, 3568, 1701, 4350, 2759]
INFO:root:queue regenerated:[2566, 5456, 7347, 6218, 73]
